[2014-03-15 13:56:20] phpDocumentor.INFO: Collecting files ..  [] []
[2014-03-15 13:56:20] phpDocumentor.INFO: OK [] []
[2014-03-15 13:56:20] phpDocumentor.INFO: Initializing parser ..  [] []
[2014-03-15 13:56:20] phpDocumentor.INFO: OK [] []
[2014-03-15 13:56:20] phpDocumentor.INFO: Parsing files [] []
[2014-03-15 13:56:21] phpDocumentor.INFO: Parsing /home/will/GitRepos/devbread/modules/Settings/SettingsManager.php [] []
[2014-03-15 13:56:21] phpDocumentor.INFO:   No summary was found for this file [] []
[2014-03-15 13:56:21] phpDocumentor.INFO:   No summary for method __construct() [] []
[2014-03-15 13:56:21] phpDocumentor.INFO: Parsing /home/will/GitRepos/devbread/modules/site.php [] []
[2014-03-15 13:56:21] phpDocumentor.INFO:   No summary was found for this file [] []
[2014-03-15 13:56:21] phpDocumentor.INFO:   No summary for method Configuration() [] []
[2014-03-15 13:56:21] phpDocumentor.INFO:   No summary for method getURLParams() [] []
[2014-03-15 13:56:21] phpDocumentor.INFO:   No summary for property $logpath [] []
[2014-03-15 13:56:21] phpDocumentor.INFO:   No summary for property $errorstack [] []
[2014-03-15 13:56:21] phpDocumentor.INFO:   No summary for property $messagestack [] []
[2014-03-15 13:56:21] phpDocumentor.INFO:   No summary for property $fileStream [] []
[2014-03-15 13:56:21] phpDocumentor.INFO: Parsing /home/will/GitRepos/devbread/modules/Modules/moduleman.php [] []
[2014-03-15 13:56:21] phpDocumentor.INFO:   No summary was found for this file [] []
[2014-03-15 13:56:21] phpDocumentor.INFO:   No summary for class \Bread\Modules\ModuleManager [] []
[2014-03-15 13:56:21] phpDocumentor.INFO:   No summary for property $moduleList [] []
[2014-03-15 13:56:21] phpDocumentor.INFO:   No summary for property $configuration [] []
[2014-03-15 13:56:21] phpDocumentor.INFO:   No summary for property $events [] []
[2014-03-15 13:56:21] phpDocumentor.INFO:   No summary for property $completed [] []
[2014-03-15 13:56:21] phpDocumentor.INFO:   No summary for method __construct() [] []
[2014-03-15 13:56:21] phpDocumentor.INFO: Parsing /home/will/GitRepos/devbread/modules/Modules/module.php [] []
[2014-03-15 13:56:21] phpDocumentor.INFO:   No summary was found for this file [] []
[2014-03-15 13:56:21] phpDocumentor.INFO:   No summary for class \Bread\Modules\Module [] []
[2014-03-15 13:56:21] phpDocumentor.INFO:   No summary for method __construct() [] []
[2014-03-15 13:56:21] phpDocumentor.INFO: Parsing /home/will/GitRepos/devbread/modules/Structures/BreadLinkStructure.php [] []
[2014-03-15 13:56:21] phpDocumentor.INFO:   No summary was found for this file [] []
[2014-03-15 13:56:21] phpDocumentor.INFO: Parsing /home/will/GitRepos/devbread/modules/Structures/BreadForm.php [] []
[2014-03-15 13:56:21] phpDocumentor.INFO:   No summary was found for this file [] []
[2014-03-15 13:56:21] phpDocumentor.INFO:   No summary for property $name [] []
[2014-03-15 13:56:21] phpDocumentor.INFO:   No summary for property $action [] []
[2014-03-15 13:56:21] phpDocumentor.INFO:   No summary for property $method [] []
[2014-03-15 13:56:21] phpDocumentor.INFO:   No summary for property $formtarget [] []
[2014-03-15 13:56:21] phpDocumentor.INFO:   No summary for property $onsubmit [] []
[2014-03-15 13:56:21] phpDocumentor.INFO:   No summary for property $elements [] []
[2014-03-15 13:56:21] phpDocumentor.INFO:   No summary for property $attributes [] []
[2014-03-15 13:56:21] phpDocumentor.INFO:   No summary for property $name [] []
[2014-03-15 13:56:21] phpDocumentor.INFO:   No summary for property $type [] []
[2014-03-15 13:56:21] phpDocumentor.INFO:   No summary for property $onclick [] []
[2014-03-15 13:56:21] phpDocumentor.INFO:   No summary for property $value [] []
[2014-03-15 13:56:21] phpDocumentor.INFO:   No summary for property $placeholder [] []
[2014-03-15 13:56:21] phpDocumentor.INFO:   No summary for property $options [] []
[2014-03-15 13:56:21] phpDocumentor.INFO:   No summary for property $dataset [] []
[2014-03-15 13:56:21] phpDocumentor.INFO:   No summary for property $attributes [] []
[2014-03-15 13:56:21] phpDocumentor.INFO: Parsing /home/will/GitRepos/devbread/modules/Structures/BreadUser.php [] []
[2014-03-15 13:56:21] phpDocumentor.INFO:   No summary for property $sessionVars [] []
[2014-03-15 13:56:21] phpDocumentor.INFO: Parsing /home/will/GitRepos/devbread/modules/Structures/BreadRequest.php [] []
[2014-03-15 13:56:21] phpDocumentor.INFO:   No summary was found for this file [] []
[2014-03-15 13:56:21] phpDocumentor.INFO: Parsing /home/will/GitRepos/devbread/modules/Themes/thememan.php [] []
[2014-03-15 13:56:21] phpDocumentor.INFO:   No summary was found for this file [] []
[2014-03-15 13:56:21] phpDocumentor.INFO:   No summary for class \Bread\Themes\ThemeManager [] []
[2014-03-15 13:56:21] phpDocumentor.INFO:   No summary for property $themes [] []
[2014-03-15 13:56:21] phpDocumentor.INFO:   No summary for property $layouts [] []
[2014-03-15 13:56:21] phpDocumentor.INFO:   No summary for property $configuration [] []
[2014-03-15 13:56:21] phpDocumentor.INFO:   No summary for property $cssFiles [] []
[2014-03-15 13:56:21] phpDocumentor.INFO:   No summary for property $Theme [] []
[2014-03-15 13:56:21] phpDocumentor.INFO:   No summary for property $CSSLines [] []
[2014-03-15 13:56:21] phpDocumentor.INFO:   No summary for method __construct() [] []
[2014-03-15 13:56:21] phpDocumentor.INFO:   No summary for method SetTheme() [] []
[2014-03-15 13:56:21] phpDocumentor.INFO: Storing cache in "/home/will/GitRepos/bread-doc" ..  [] []
[2014-03-15 13:56:21] phpDocumentor.INFO: OK [] []
[2014-03-15 13:56:21] phpDocumentor.INFO: Load cache                                                           ..  [] []
[2014-03-15 13:56:21] phpDocumentor.INFO:    0.008s [] []
[2014-03-15 13:56:21] phpDocumentor.INFO: Preparing template "clean"                                           ..  [] []
[2014-03-15 13:56:21] phpDocumentor.INFO:    0.030s [] []
[2014-03-15 13:56:21] phpDocumentor.INFO: Preparing 15 transformations                                         ..  [] []
[2014-03-15 13:56:21] phpDocumentor.INFO:    0.000s [] []
[2014-03-15 13:56:21] phpDocumentor.INFO: Build "elements" index                                               ..  [] []
[2014-03-15 13:56:21] phpDocumentor.INFO:    0.002s [] []
[2014-03-15 13:56:21] phpDocumentor.INFO: Replace textual FQCNs with object aliases                            ..  [] []
[2014-03-15 13:56:21] phpDocumentor.INFO:    0.013s [] []
[2014-03-15 13:56:21] phpDocumentor.INFO: Build "packages" index                                               ..  [] []
[2014-03-15 13:56:21] phpDocumentor.INFO:    0.003s [] []
[2014-03-15 13:56:21] phpDocumentor.INFO: Build "namespaces" index and add namespaces to "elements"            ..  [] []
[2014-03-15 13:56:21] phpDocumentor.INFO:    0.001s [] []
[2014-03-15 13:56:21] phpDocumentor.INFO: Transform analyzed project into artifacts                            ..  [] []
[2014-03-15 13:56:22] phpDocumentor.INFO:    1.205s [] []
[2014-03-15 13:56:22] phpDocumentor.INFO: Analyze results and write report to log                              ..  [] []
[2014-03-15 13:56:22] phpDocumentor.DEBUG: In the ProjectDescriptor are:
         9 files
         1 top-level namespaces
        12 unresolvable parent classes
        16 phpDocumentor\Descriptor\ClassDescriptor elements
        65 phpDocumentor\Descriptor\MethodDescriptor elements
         5 phpDocumentor\Descriptor\ConstantDescriptor elements
        66 phpDocumentor\Descriptor\PropertyDescriptor elements
         6 phpDocumentor\Descriptor\NamespaceDescriptor elements
 [] []
[2014-03-15 13:56:22] phpDocumentor.INFO:    0.001s [] []
