[2014-01-19 17:29:15] phpDocumentor.INFO: Collecting files ..  [] []
[2014-01-19 17:29:16] phpDocumentor.INFO: OK [] []
[2014-01-19 17:29:16] phpDocumentor.INFO: Initializing parser ..  [] []
[2014-01-19 17:29:16] phpDocumentor.INFO: OK [] []
[2014-01-19 17:29:16] phpDocumentor.INFO: Parsing files [] []
[2014-01-19 17:29:16] phpDocumentor.INFO: Parsing /home/will/GitRepos/devbread/modules/site.php [] []
[2014-01-19 17:29:16] phpDocumentor.INFO: Parsing /home/will/GitRepos/devbread/modules/functions.php [] []
[2014-01-19 17:29:16] phpDocumentor.INFO: Parsing /home/will/GitRepos/devbread/modules/Modules/moduleman.php [] []
[2014-01-19 17:29:16] phpDocumentor.INFO: Parsing /home/will/GitRepos/devbread/modules/Modules/module.php [] []
[2014-01-19 17:29:16] phpDocumentor.INFO: Parsing /home/will/GitRepos/devbread/modules/Structures/BreadRequest.php [] []
[2014-01-19 17:29:16] phpDocumentor.INFO: Parsing /home/will/GitRepos/devbread/modules/Themes/thememan.php [] []
[2014-01-19 17:29:16] phpDocumentor.INFO: Parsing /home/will/GitRepos/devbread/index.php [] []
[2014-01-19 17:29:16] phpDocumentor.INFO: Parsing /home/will/GitRepos/devbread/user/modules/ExampleModule/ExampleModule.php [] []
[2014-01-19 17:29:16] phpDocumentor.INFO: Parsing /home/will/GitRepos/devbread/user/themes/VanillaBread/module/theme.php [] []
[2014-01-19 17:29:16] phpDocumentor.INFO: Storing cache in "/home/will/GitRepos/bread-doc" ..  [] []
[2014-01-19 17:29:16] phpDocumentor.INFO: OK [] []
[2014-01-19 17:29:16] phpDocumentor.INFO: Load cache                                                           ..  [] []
[2014-01-19 17:29:16] phpDocumentor.INFO:    0.007s [] []
[2014-01-19 17:29:16] phpDocumentor.INFO: Preparing template "clean"                                           ..  [] []
[2014-01-19 17:29:16] phpDocumentor.INFO:    0.024s [] []
[2014-01-19 17:29:16] phpDocumentor.INFO: Preparing 15 transformations                                         ..  [] []
[2014-01-19 17:29:16] phpDocumentor.INFO:    0.000s [] []
[2014-01-19 17:29:16] phpDocumentor.INFO: Build "elements" index                                               ..  [] []
[2014-01-19 17:29:16] phpDocumentor.INFO:    0.001s [] []
[2014-01-19 17:29:16] phpDocumentor.INFO: Replace textual FQCNs with object aliases                            ..  [] []
[2014-01-19 17:29:16] phpDocumentor.INFO:    0.006s [] []
[2014-01-19 17:29:16] phpDocumentor.INFO: Build "packages" index                                               ..  [] []
[2014-01-19 17:29:16] phpDocumentor.INFO:    0.002s [] []
[2014-01-19 17:29:16] phpDocumentor.INFO: Build "namespaces" index and add namespaces to "elements"            ..  [] []
[2014-01-19 17:29:16] phpDocumentor.INFO:    0.001s [] []
[2014-01-19 17:29:16] phpDocumentor.INFO: Transform analyzed project into artifacts                            ..  [] []
[2014-01-19 17:29:17] phpDocumentor.INFO:    0.929s [] []
[2014-01-19 17:29:17] phpDocumentor.INFO: Analyze results and write report to log                              ..  [] []
[2014-01-19 17:29:17] phpDocumentor.DEBUG: In the ProjectDescriptor are:
         9 files
         1 top-level namespaces
         6 unresolvable parent classes
         7 phpDocumentor\Descriptor\FunctionDescriptor elements
         8 phpDocumentor\Descriptor\ClassDescriptor elements
        50 phpDocumentor\Descriptor\MethodDescriptor elements
        28 phpDocumentor\Descriptor\PropertyDescriptor elements
         1 phpDocumentor\Descriptor\ConstantDescriptor elements
         5 phpDocumentor\Descriptor\NamespaceDescriptor elements
 [] []
[2014-01-19 17:29:17] phpDocumentor.INFO:    0.001s [] []
