[2014-02-15 20:22:46] phpDocumentor.INFO: Collecting files ..  [] []
[2014-02-15 20:22:46] phpDocumentor.INFO: OK [] []
[2014-02-15 20:22:46] phpDocumentor.INFO: Initializing parser ..  [] []
[2014-02-15 20:22:46] phpDocumentor.INFO: OK [] []
[2014-02-15 20:22:46] phpDocumentor.INFO: Parsing files [] []
[2014-02-15 20:22:46] phpDocumentor.INFO: Parsing /home/will/GitRepos/devbread/modules/Settings/SettingsManager.php [] []
[2014-02-15 20:22:46] phpDocumentor.INFO: Parsing /home/will/GitRepos/devbread/modules/site.php [] []
[2014-02-15 20:22:46] phpDocumentor.INFO: Parsing /home/will/GitRepos/devbread/modules/Modules/moduleman.php [] []
[2014-02-15 20:22:46] phpDocumentor.INFO: Parsing /home/will/GitRepos/devbread/modules/Modules/module.php [] []
[2014-02-15 20:22:46] phpDocumentor.INFO: Parsing /home/will/GitRepos/devbread/modules/Structures/BreadRequest.php [] []
[2014-02-15 20:22:46] phpDocumentor.INFO: Parsing /home/will/GitRepos/devbread/modules/Themes/thememan.php [] []
[2014-02-15 20:22:46] phpDocumentor.INFO: Parsing /home/will/GitRepos/devbread/index.php [] []
[2014-02-15 20:22:46] phpDocumentor.INFO: Parsing /home/will/GitRepos/devbread/user/modules/BreadPageSystem/BreadPageSystem.php [] []
[2014-02-15 20:22:46] phpDocumentor.INFO: Parsing /home/will/GitRepos/devbread/user/modules/ExampleModule/ExampleModule.php [] []
[2014-02-15 20:22:46] phpDocumentor.INFO: Parsing /home/will/GitRepos/devbread/user/themes/VanillaBread/module/theme.php [] []
[2014-02-15 20:22:46] phpDocumentor.INFO: Storing cache in "/home/will/GitRepos/bread-doc" ..  [] []
[2014-02-15 20:22:46] phpDocumentor.INFO: OK [] []
[2014-02-15 20:22:46] phpDocumentor.INFO: Load cache                                                           ..  [] []
[2014-02-15 20:22:46] phpDocumentor.INFO:    0.008s [] []
[2014-02-15 20:22:46] phpDocumentor.INFO: Preparing template "clean"                                           ..  [] []
[2014-02-15 20:22:46] phpDocumentor.INFO:    0.025s [] []
[2014-02-15 20:22:46] phpDocumentor.INFO: Preparing 15 transformations                                         ..  [] []
[2014-02-15 20:22:46] phpDocumentor.INFO:    0.000s [] []
[2014-02-15 20:22:46] phpDocumentor.INFO: Build "elements" index                                               ..  [] []
[2014-02-15 20:22:46] phpDocumentor.INFO:    0.001s [] []
[2014-02-15 20:22:46] phpDocumentor.INFO: Replace textual FQCNs with object aliases                            ..  [] []
[2014-02-15 20:22:46] phpDocumentor.INFO:    0.010s [] []
[2014-02-15 20:22:46] phpDocumentor.INFO: Build "packages" index                                               ..  [] []
[2014-02-15 20:22:46] phpDocumentor.INFO:    0.002s [] []
[2014-02-15 20:22:46] phpDocumentor.INFO: Build "namespaces" index and add namespaces to "elements"            ..  [] []
[2014-02-15 20:22:46] phpDocumentor.INFO:    0.001s [] []
[2014-02-15 20:22:46] phpDocumentor.INFO: Transform analyzed project into artifacts                            ..  [] []
[2014-02-15 20:22:47] phpDocumentor.INFO:    1.084s [] []
[2014-02-15 20:22:47] phpDocumentor.INFO: Analyze results and write report to log                              ..  [] []
[2014-02-15 20:22:47] phpDocumentor.DEBUG: In the ProjectDescriptor are:
        10 files
         1 top-level namespaces
         9 unresolvable parent classes
        16 phpDocumentor\Descriptor\ClassDescriptor elements
        36 phpDocumentor\Descriptor\PropertyDescriptor elements
        77 phpDocumentor\Descriptor\MethodDescriptor elements
         2 phpDocumentor\Descriptor\ConstantDescriptor elements
         6 phpDocumentor\Descriptor\NamespaceDescriptor elements
 [] []
[2014-02-15 20:22:47] phpDocumentor.INFO:    0.001s [] []
