[2014-03-15 14:04:06] phpDocumentor.INFO: Collecting files ..  [] []
[2014-03-15 14:04:06] phpDocumentor.INFO: OK [] []
[2014-03-15 14:04:06] phpDocumentor.INFO: Initializing parser ..  [] []
[2014-03-15 14:04:06] phpDocumentor.INFO: OK [] []
[2014-03-15 14:04:06] phpDocumentor.INFO: Parsing files [] []
[2014-03-15 14:04:06] phpDocumentor.INFO: Parsing /home/will/GitRepos/devbread/modules/Settings/SettingsManager.php [] []
[2014-03-15 14:04:06] phpDocumentor.INFO:   No summary was found for this file [] []
[2014-03-15 14:04:06] phpDocumentor.INFO:   No summary for method __construct() [] []
[2014-03-15 14:04:06] phpDocumentor.INFO: Parsing /home/will/GitRepos/devbread/modules/site.php [] []
[2014-03-15 14:04:06] phpDocumentor.INFO: Parsing /home/will/GitRepos/devbread/modules/Modules/moduleman.php [] []
[2014-03-15 14:04:06] phpDocumentor.INFO:   No summary was found for this file [] []
[2014-03-15 14:04:06] phpDocumentor.INFO:   No summary for property $moduleList [] []
[2014-03-15 14:04:06] phpDocumentor.INFO:   No summary for property $configuration [] []
[2014-03-15 14:04:06] phpDocumentor.INFO:   No summary for property $events [] []
[2014-03-15 14:04:06] phpDocumentor.INFO:   No summary for property $completed [] []
[2014-03-15 14:04:06] phpDocumentor.INFO:   No summary for method __construct() [] []
[2014-03-15 14:04:06] phpDocumentor.INFO: Parsing /home/will/GitRepos/devbread/modules/Modules/module.php [] []
[2014-03-15 14:04:06] phpDocumentor.INFO: Parsing /home/will/GitRepos/devbread/modules/Structures/BreadLinkStructure.php [] []
[2014-03-15 14:04:06] phpDocumentor.INFO: Parsing /home/will/GitRepos/devbread/modules/Structures/BreadForm.php [] []
[2014-03-15 14:04:06] phpDocumentor.INFO: Parsing /home/will/GitRepos/devbread/modules/Structures/BreadUser.php [] []
[2014-03-15 14:04:06] phpDocumentor.INFO: Parsing /home/will/GitRepos/devbread/modules/Structures/BreadRequest.php [] []
[2014-03-15 14:04:06] phpDocumentor.INFO: Parsing /home/will/GitRepos/devbread/modules/Themes/thememan.php [] []
[2014-03-15 14:04:06] phpDocumentor.INFO:   No summary was found for this file [] []
[2014-03-15 14:04:06] phpDocumentor.INFO:   No summary for property $themes [] []
[2014-03-15 14:04:06] phpDocumentor.INFO:   No summary for property $layouts [] []
[2014-03-15 14:04:06] phpDocumentor.INFO:   No summary for property $configuration [] []
[2014-03-15 14:04:06] phpDocumentor.INFO:   No summary for property $cssFiles [] []
[2014-03-15 14:04:06] phpDocumentor.INFO:   No summary for property $Theme [] []
[2014-03-15 14:04:06] phpDocumentor.INFO:   No summary for property $CSSLines [] []
[2014-03-15 14:04:06] phpDocumentor.INFO:   No summary for method __construct() [] []
[2014-03-15 14:04:06] phpDocumentor.INFO:   No summary for method SetTheme() [] []
[2014-03-15 14:04:06] phpDocumentor.INFO: Storing cache in "/home/will/GitRepos/bread-doc" ..  [] []
[2014-03-15 14:04:06] phpDocumentor.INFO: OK [] []
[2014-03-15 14:04:06] phpDocumentor.INFO: Load cache                                                           ..  [] []
[2014-03-15 14:04:06] phpDocumentor.INFO:    0.009s [] []
[2014-03-15 14:04:06] phpDocumentor.INFO: Preparing template "clean"                                           ..  [] []
[2014-03-15 14:04:06] phpDocumentor.INFO:    0.024s [] []
[2014-03-15 14:04:06] phpDocumentor.INFO: Preparing 15 transformations                                         ..  [] []
[2014-03-15 14:04:06] phpDocumentor.INFO:    0.000s [] []
[2014-03-15 14:04:06] phpDocumentor.INFO: Build "elements" index                                               ..  [] []
[2014-03-15 14:04:07] phpDocumentor.INFO:    0.002s [] []
[2014-03-15 14:04:07] phpDocumentor.INFO: Replace textual FQCNs with object aliases                            ..  [] []
[2014-03-15 14:04:07] phpDocumentor.INFO:    0.013s [] []
[2014-03-15 14:04:07] phpDocumentor.INFO: Build "packages" index                                               ..  [] []
[2014-03-15 14:04:07] phpDocumentor.INFO:    0.002s [] []
[2014-03-15 14:04:07] phpDocumentor.INFO: Build "namespaces" index and add namespaces to "elements"            ..  [] []
[2014-03-15 14:04:07] phpDocumentor.INFO:    0.001s [] []
[2014-03-15 14:04:07] phpDocumentor.INFO: Transform analyzed project into artifacts                            ..  [] []
[2014-03-15 14:04:08] phpDocumentor.INFO:    1.049s [] []
[2014-03-15 14:04:08] phpDocumentor.INFO: Analyze results and write report to log                              ..  [] []
[2014-03-15 14:04:08] phpDocumentor.INFO:    0.001s [] []
