[2014-02-15 20:20:54] phpDocumentor.INFO: Collecting files ..  [] []
[2014-02-15 20:20:55] phpDocumentor.INFO: OK [] []
[2014-02-15 20:20:55] phpDocumentor.INFO: Initializing parser ..  [] []
[2014-02-15 20:20:55] phpDocumentor.INFO: OK [] []
[2014-02-15 20:20:55] phpDocumentor.INFO: Parsing files [] []
[2014-02-15 20:20:55] phpDocumentor.INFO: Parsing /home/will/GitRepos/devbread/modules/Settings/SettingsManager.php [] []
[2014-02-15 20:20:55] phpDocumentor.INFO:   No summary was found for this file [] []
[2014-02-15 20:20:55] phpDocumentor.INFO:   No summary for method __construct() [] []
[2014-02-15 20:20:55] phpDocumentor.INFO:   No summary for method SaveSetting() [] []
[2014-02-15 20:20:55] phpDocumentor.INFO: Parsing /home/will/GitRepos/devbread/modules/site.php [] []
[2014-02-15 20:20:55] phpDocumentor.INFO:   No summary was found for this file [] []
[2014-02-15 20:20:55] phpDocumentor.INFO:   No summary for method Configuration() [] []
[2014-02-15 20:20:55] phpDocumentor.INFO:   No summary for method CondenseURLParams() [] []
[2014-02-15 20:20:55] phpDocumentor.INFO:   No summary for property $logpath [] []
[2014-02-15 20:20:55] phpDocumentor.INFO:   No summary for property $errorstack [] []
[2014-02-15 20:20:55] phpDocumentor.INFO:   No summary for property $messagestack [] []
[2014-02-15 20:20:55] phpDocumentor.INFO:   No summary for property $fileStream [] []
[2014-02-15 20:20:55] phpDocumentor.INFO: Parsing /home/will/GitRepos/devbread/modules/functions.php [] []
[2014-02-15 20:20:55] phpDocumentor.INFO: Parsing /home/will/GitRepos/devbread/modules/Modules/moduleman.php [] []
[2014-02-15 20:20:55] phpDocumentor.INFO:   No summary was found for this file [] []
[2014-02-15 20:20:55] phpDocumentor.INFO:   No summary for class \Bread\Modules\ModuleManager [] []
[2014-02-15 20:20:55] phpDocumentor.INFO:   No summary for property $modules [] []
[2014-02-15 20:20:55] phpDocumentor.INFO:   No summary for property $moduleList [] []
[2014-02-15 20:20:55] phpDocumentor.INFO:   No summary for property $moudleConfig [] []
[2014-02-15 20:20:55] phpDocumentor.INFO:   No summary for property $configuration [] []
[2014-02-15 20:20:55] phpDocumentor.INFO:   No summary for property $events [] []
[2014-02-15 20:20:55] phpDocumentor.INFO:   No summary for method __construct() [] []
[2014-02-15 20:20:55] phpDocumentor.INFO:   No summary for method LoadSettings() [] []
[2014-02-15 20:20:55] phpDocumentor.INFO:   No summary for method LoadModulesFromConfig() [] []
[2014-02-15 20:20:55] phpDocumentor.INFO:   No summary for method LoadRequiredModules() [] []
[2014-02-15 20:20:55] phpDocumentor.INFO:   No summary for method RegisterModule() [] []
[2014-02-15 20:20:55] phpDocumentor.INFO:   No summary for method RegisterSelectedTheme() [] []
[2014-02-15 20:20:55] phpDocumentor.INFO:   No summary for method RegisterEvent() [] []
[2014-02-15 20:20:55] phpDocumentor.INFO:   No summary for method HookEvent() [] []
[2014-02-15 20:20:55] phpDocumentor.INFO:   No summary for method HookSpecifedModuleEvent() [] []
[2014-02-15 20:20:55] phpDocumentor.INFO: Parsing /home/will/GitRepos/devbread/modules/Modules/module.php [] []
[2014-02-15 20:20:55] phpDocumentor.INFO:   No summary was found for this file [] []
[2014-02-15 20:20:55] phpDocumentor.INFO:   No summary for class \Bread\Modules\Module [] []
[2014-02-15 20:20:55] phpDocumentor.INFO:   No summary for property $manager [] []
[2014-02-15 20:20:55] phpDocumentor.INFO:   No summary for property $name [] []
[2014-02-15 20:20:55] phpDocumentor.INFO:   No summary for method __construct() [] []
[2014-02-15 20:20:55] phpDocumentor.INFO:   No summary for method RegisterEvents() [] []
[2014-02-15 20:20:55] phpDocumentor.INFO:   No summary for method FireEvent() [] []
[2014-02-15 20:20:55] phpDocumentor.INFO: Parsing /home/will/GitRepos/devbread/modules/Structures/BreadRequest.php [] []
[2014-02-15 20:20:55] phpDocumentor.INFO:   No summary was found for this file [] []
[2014-02-15 20:20:55] phpDocumentor.INFO: Parsing /home/will/GitRepos/devbread/modules/Themes/thememan.php [] []
[2014-02-15 20:20:55] phpDocumentor.INFO:   No summary was found for this file [] []
[2014-02-15 20:20:55] phpDocumentor.INFO:   No summary for class \Bread\Themes\ThemeManager [] []
[2014-02-15 20:20:55] phpDocumentor.INFO:   No summary for property $themes [] []
[2014-02-15 20:20:55] phpDocumentor.INFO:   No summary for property $layouts [] []
[2014-02-15 20:20:55] phpDocumentor.INFO:   No summary for property $configuration [] []
[2014-02-15 20:20:55] phpDocumentor.INFO:   No summary for property $cssFiles [] []
[2014-02-15 20:20:55] phpDocumentor.INFO:   No summary for property $Theme [] []
[2014-02-15 20:20:55] phpDocumentor.INFO:   No summary for property $CSSLines [] []
[2014-02-15 20:20:55] phpDocumentor.INFO:   No summary for method __construct() [] []
[2014-02-15 20:20:55] phpDocumentor.INFO:   No summary for method Configuration() [] []
[2014-02-15 20:20:55] phpDocumentor.INFO:   No summary for method LoadSettings() [] []
[2014-02-15 20:20:55] phpDocumentor.INFO:   No summary for method LoadLayouts() [] []
[2014-02-15 20:20:55] phpDocumentor.INFO:   No summary for method RegisterTheme() [] []
[2014-02-15 20:20:55] phpDocumentor.INFO:   No summary for method GetCompatibleThemes() [] []
[2014-02-15 20:20:55] phpDocumentor.INFO:   No summary for method GetCompatibleLayouts() [] []
[2014-02-15 20:20:55] phpDocumentor.INFO:   No summary for method SelectTheme() [] []
[2014-02-15 20:20:55] phpDocumentor.INFO:   No summary for method SetTheme() [] []
[2014-02-15 20:20:55] phpDocumentor.INFO:   No summary for method SelectLayout() [] []
[2014-02-15 20:20:55] phpDocumentor.INFO:   No summary for method BuildCSS() [] []
[2014-02-15 20:20:55] phpDocumentor.INFO:   No summary for method ReadElementsFromLayout() [] []
[2014-02-15 20:20:55] phpDocumentor.INFO: Parsing /home/will/GitRepos/devbread/index.php [] []
[2014-02-15 20:20:55] phpDocumentor.INFO: Parsing /home/will/GitRepos/devbread/user/modules/BreadPageSystem/BreadPageSystem.php [] []
[2014-02-15 20:20:55] phpDocumentor.INFO:   No summary was found for this file [] []
[2014-02-15 20:20:55] phpDocumentor.INFO:   No summary for class \Bread\Modules\BreadPageSystem [] []
[2014-02-15 20:20:55] phpDocumentor.INFO:   No summary for property $settings [] []
[2014-02-15 20:20:55] phpDocumentor.INFO:   No summary for method __construct() [] []
[2014-02-15 20:20:55] phpDocumentor.INFO:   No summary for method RegisterEvents() [] []
[2014-02-15 20:20:55] phpDocumentor.INFO:   No summary for method GenerateNavbar() [] []
[2014-02-15 20:20:55] phpDocumentor.INFO:   No summary for method Setup() [] []
[2014-02-15 20:20:55] phpDocumentor.INFO:   No summary for method BuildIndex() [] []
[2014-02-15 20:20:55] phpDocumentor.INFO:   No summary for class \Bread\Modules\BreadPageSystemSettings [] []
[2014-02-15 20:20:55] phpDocumentor.INFO:   No summary for property $Pageindex [] []
[2014-02-15 20:20:55] phpDocumentor.INFO:   No summary for property $Pagedir [] []
[2014-02-15 20:20:55] phpDocumentor.INFO:   No summary for property $BuildTime [] []
[2014-02-15 20:20:55] phpDocumentor.INFO:   No summary for property $CheckIndexEvery [] []
[2014-02-15 20:20:55] phpDocumentor.INFO:   No summary for method __construct() [] []
[2014-02-15 20:20:55] phpDocumentor.INFO: Parsing /home/will/GitRepos/devbread/user/modules/ExampleModule/ExampleModule.php [] []
[2014-02-15 20:20:55] phpDocumentor.INFO:   No summary was found for this file [] []
[2014-02-15 20:20:55] phpDocumentor.INFO:   No summary for class \Bread\Modules\ExampleModule [] []
[2014-02-15 20:20:55] phpDocumentor.INFO:   No summary for method __construct() [] []
[2014-02-15 20:20:55] phpDocumentor.INFO:   No summary for method RegisterEvents() [] []
[2014-02-15 20:20:55] phpDocumentor.INFO:   No summary for method ReturnFirstArgument() [] []
[2014-02-15 20:20:55] phpDocumentor.INFO: Parsing /home/will/GitRepos/devbread/user/themes/VanillaBread/module/theme.php [] []
[2014-02-15 20:20:55] phpDocumentor.INFO:   No summary was found for this file [] []
[2014-02-15 20:20:55] phpDocumentor.INFO:   No summary for class \VanillaBreadTheme [] []
[2014-02-15 20:20:55] phpDocumentor.INFO:   No summary for method __construct() [] []
[2014-02-15 20:20:55] phpDocumentor.INFO:   No summary for method RegisterEvents() [] []
[2014-02-15 20:20:55] phpDocumentor.INFO:   No summary for method Load() [] []
[2014-02-15 20:20:55] phpDocumentor.INFO:   No summary for method HeaderInfomation() [] []
[2014-02-15 20:20:55] phpDocumentor.INFO:   No summary for method DrawSystemMenu() [] []
[2014-02-15 20:20:55] phpDocumentor.INFO:   No summary for method DrawNavbar() [] []
[2014-02-15 20:20:55] phpDocumentor.INFO:   No summary for method DrawFooter() [] []
[2014-02-15 20:20:55] phpDocumentor.INFO:   No summary for method Unload() [] []
[2014-02-15 20:20:55] phpDocumentor.INFO: Storing cache in "/home/will/GitRepos/bread-doc" ..  [] []
[2014-02-15 20:20:55] phpDocumentor.INFO: OK [] []
[2014-02-15 20:20:55] phpDocumentor.INFO: Load cache                                                           ..  [] []
[2014-02-15 20:20:55] phpDocumentor.INFO:    0.009s [] []
[2014-02-15 20:20:55] phpDocumentor.INFO: Preparing template "clean"                                           ..  [] []
[2014-02-15 20:20:55] phpDocumentor.INFO:    0.031s [] []
[2014-02-15 20:20:55] phpDocumentor.INFO: Preparing 15 transformations                                         ..  [] []
[2014-02-15 20:20:55] phpDocumentor.INFO:    0.000s [] []
[2014-02-15 20:20:55] phpDocumentor.INFO: Build "elements" index                                               ..  [] []
[2014-02-15 20:20:55] phpDocumentor.INFO:    0.002s [] []
[2014-02-15 20:20:55] phpDocumentor.INFO: Replace textual FQCNs with object aliases                            ..  [] []
[2014-02-15 20:20:55] phpDocumentor.INFO:    0.010s [] []
[2014-02-15 20:20:55] phpDocumentor.INFO: Build "packages" index                                               ..  [] []
[2014-02-15 20:20:55] phpDocumentor.INFO:    0.003s [] []
[2014-02-15 20:20:55] phpDocumentor.INFO: Build "namespaces" index and add namespaces to "elements"            ..  [] []
[2014-02-15 20:20:55] phpDocumentor.INFO:    0.001s [] []
[2014-02-15 20:20:55] phpDocumentor.INFO: Transform analyzed project into artifacts                            ..  [] []
[2014-02-15 20:20:57] phpDocumentor.INFO:    1.380s [] []
[2014-02-15 20:20:57] phpDocumentor.INFO: Analyze results and write report to log                              ..  [] []
[2014-02-15 20:20:57] phpDocumentor.DEBUG: In the ProjectDescriptor are:
        11 files
         1 top-level namespaces
         9 unresolvable parent classes
         7 phpDocumentor\Descriptor\FunctionDescriptor elements
        16 phpDocumentor\Descriptor\ClassDescriptor elements
        36 phpDocumentor\Descriptor\PropertyDescriptor elements
        77 phpDocumentor\Descriptor\MethodDescriptor elements
         2 phpDocumentor\Descriptor\ConstantDescriptor elements
         6 phpDocumentor\Descriptor\NamespaceDescriptor elements
 [] []
[2014-02-15 20:20:57] phpDocumentor.INFO:    0.001s [] []
